INFO:root:
Passengers (Start Virus): 231
Passengers (Novel Virus): 158
Passengers (Total Virus): 389
Passengers (Exposed    ): 49
Passengers (Safe       ): 22867
Passengers (Total      ): 23305

Transit  Time: 600090
Exposure Time: 585

Expected exposure time (per passenger)0.02510190946148895
Expected exposure time (per minute   )0.0009748537719342098

Expected novel transmission (per "healthy" passenger)0.006847534020975991
INFO:root:
Passengers (Start Virus): 221
Passengers (Novel Virus): 61
Passengers (Total Virus): 282
Passengers (Exposed    ): 39
Passengers (Safe       ): 22197
Passengers (Total      ): 22518

Transit  Time: 587404
Exposure Time: 341

Expected exposure time (per passenger)0.015143440802913225
Expected exposure time (per minute   )0.0005805203914171507

Expected novel transmission (per "healthy" passenger)0.002735794053011616
INFO:root:
Passengers (Start Virus): 231
Passengers (Novel Virus): 158
Passengers (Total Virus): 389
Passengers (Exposed    ): 49
Passengers (Safe       ): 22867
Passengers (Total      ): 23305

Transit  Time: 600090
Exposure Time: 585

Expected exposure time (per passenger)0.02510190946148895
Expected exposure time (per minute   )0.0009748537719342098

Expected novel transmission (per "healthy" passenger)0.006847534020975991
INFO:root:
Passengers (Start Virus): 221
Passengers (Novel Virus): 61
Passengers (Total Virus): 282
Passengers (Exposed    ): 39
Passengers (Safe       ): 22197
Passengers (Total      ): 22518

Transit  Time: 587404
Exposure Time: 341

Expected exposure time (per passenger)0.015143440802913225
Expected exposure time (per minute   )0.0005805203914171507

Expected novel transmission (per "healthy" passenger)0.002735794053011616
INFO:root:
Passengers (Start Virus): 231
Passengers (Novel Virus): 158
Passengers (Total Virus): 389
Passengers (Exposed    ): 49
Passengers (Safe       ): 22867
Passengers (Total      ): 23305

Transit  Time: 600090
Exposure Time: 585

Expected exposure time (per passenger)0.02510190946148895
Expected exposure time (per minute   )0.0009748537719342098

Expected novel transmission (per "healthy" passenger)0.006847534020975991
INFO:root:
Passengers (Start Virus): 221
Passengers (Novel Virus): 61
Passengers (Total Virus): 282
Passengers (Exposed    ): 39
Passengers (Safe       ): 22197
Passengers (Total      ): 22518

Transit  Time: 587404
Exposure Time: 341

Expected exposure time (per passenger)0.015143440802913225
Expected exposure time (per minute   )0.0005805203914171507

Expected novel transmission (per "healthy" passenger)0.002735794053011616
INFO:root:
Passengers (Start Virus): 231
Passengers (Novel Virus): 158
Passengers (Total Virus): 389
Passengers (Exposed    ): 49
Passengers (Safe       ): 22867
Passengers (Total      ): 23305

Transit  Time: 600090
Exposure Time: 585

Expected exposure time (per passenger)0.02510190946148895
Expected exposure time (per minute   )0.0009748537719342098

Expected novel transmission (per "healthy" passenger)0.006847534020975991
INFO:root:
Passengers (Start Virus): 221
Passengers (Novel Virus): 61
Passengers (Total Virus): 282
Passengers (Exposed    ): 39
Passengers (Safe       ): 22197
Passengers (Total      ): 22518

Transit  Time: 587404
Exposure Time: 341

Expected exposure time (per passenger)0.015143440802913225
Expected exposure time (per minute   )0.0005805203914171507

Expected novel transmission (per "healthy" passenger)0.002735794053011616
